<?xml version="1.0" encoding="UTF-8"?>
<!-- Generated by org.testng.reporters.JUnitReportReporter -->
<testsuite skipped="0" hostname="DESKTOP-I2FKUVF" name="com.crm.qa.testcases.LoginPageTest" tests="1" failures="0" timestamp="24 May 2018 14:09:46 GMT" time="79.281" errors="0">
  <testcase name="loginTest" time="79.281" classname="com.crm.qa.testcases.LoginPageTest"/>
</testsuite> <!-- com.crm.qa.testcases.LoginPageTest -->
