<?xml version="1.0" encoding="UTF-8"?>
<!-- Generated by org.testng.reporters.JUnitReportReporter -->
<testsuite skipped="0" hostname="DESKTOP-I2FKUVF" name="com.crm.qa.testcases.ContactsPageTest" tests="5" failures="0" timestamp="24 May 2018 14:09:46 GMT" time="157.738" errors="0">
  <testcase name="verifyContactsPageLabel" time="36.922" classname="com.crm.qa.testcases.ContactsPageTest"/>
  <testcase name="selectcontactsByname" time="27.477" classname="com.crm.qa.testcases.ContactsPageTest"/>
  <testcase name="validateCreateNewContact" time="22.678" classname="com.crm.qa.testcases.ContactsPageTest"/>
  <testcase name="validateCreateNewContact" time="34.524" classname="com.crm.qa.testcases.ContactsPageTest"/>
  <testcase name="validateCreateNewContact" time="36.137" classname="com.crm.qa.testcases.ContactsPageTest"/>
</testsuite> <!-- com.crm.qa.testcases.ContactsPageTest -->
