<?xml version="1.0" encoding="UTF-8"?>
<!-- Generated by org.testng.reporters.JUnitReportReporter -->
<testsuite skipped="0" hostname="DESKTOP-I2FKUVF" name="com.crm.qa.testcases.HomePageTest" tests="3" failures="0" timestamp="24 May 2018 14:09:46 GMT" time="103.825" errors="0">
  <testcase name="verifyHomePageTitleTest" time="32.438" classname="com.crm.qa.testcases.HomePageTest"/>
  <testcase name="verifyUsername" time="31.566" classname="com.crm.qa.testcases.HomePageTest"/>
  <testcase name="verifyContactsLinkText" time="39.821" classname="com.crm.qa.testcases.HomePageTest"/>
</testsuite> <!-- com.crm.qa.testcases.HomePageTest -->
