<?xml version="1.0" encoding="UTF-8"?>
<!-- Generated by org.testng.reporters.JUnitReportReporter -->
<testsuite hostname="DESKTOP-I2FKUVF" name="com.crm.qa.testcases.LoginPageTest" tests="1" failures="0" timestamp="24 May 2018 18:23:22 GMT" time="18.132" errors="0">
  <testcase name="loginTest" time="18.132" classname="com.crm.qa.testcases.LoginPageTest"/>
</testsuite>
